---------------------|---------|----------|---------|---------|-------------------
File                 | % Stmts | % Branch | % Funcs | % Lines | Uncovered Line #s 
---------------------|---------|----------|---------|---------|-------------------
All files            |     100 |    97.61 |     100 |     100 |                   
 GithubExtractor.mts |     100 |     97.5 |     100 |     100 | 172,366           
 custom-errors.mts   |     100 |      100 |     100 |     100 |                   
---------------------|---------|----------|---------|---------|-------------------
