---------------------|---------|----------|---------|---------|-------------------
File                 | % Stmts | % Branch | % Funcs | % Lines | Uncovered Line #s 
---------------------|---------|----------|---------|---------|-------------------
All files            |     100 |    97.56 |     100 |     100 |                   
 GithubExtractor.mts |     100 |    97.43 |     100 |     100 | 171,365           
 custom-errors.mts   |     100 |      100 |     100 |     100 |                   
---------------------|---------|----------|---------|---------|-------------------
