TN:
SF:source\GithubExtractor.mts
FN:81,<instance_members_initializer>
FN:91,GithubExtractor
FN:99,normalizeTarPath
FN:107,normalizeFilePath
FN:111,normalizePathSet
FN:119,handleBadResponseCode
FN:136,makeRequest
FN:162,getTarBody
FN:183,handleTypos
FN:197,downloadTo
FN:216,filter
FN:226,onentry
FN:252,getLocalDirSet
FN:281,writeListStream
FN:299,getRepoList
FN:308,handleEntry
FN:322,filter
FNF:17
FNH:17
FNDA:42,<instance_members_initializer>
FNDA:42,GithubExtractor
FNDA:84,normalizeTarPath
FNDA:29,normalizeFilePath
FNDA:6,normalizePathSet
FNDA:5,handleBadResponseCode
FNDA:27,makeRequest
FNDA:20,getTarBody
FNDA:3,handleTypos
FNDA:8,downloadTo
FNDA:35,filter
FNDA:14,onentry
FNDA:11,getLocalDirSet
FNDA:25,writeListStream
FNDA:9,getRepoList
FNDA:43,handleEntry
FNDA:45,filter
DA:1,1
DA:2,1
DA:3,1
DA:4,1
DA:5,1
DA:6,1
DA:7,1
DA:8,1
DA:9,1
DA:10,1
DA:11,1
DA:12,1
DA:13,1
DA:14,1
DA:15,1
DA:16,1
DA:17,1
DA:18,1
DA:19,1
DA:20,1
DA:21,1
DA:22,1
DA:23,1
DA:24,1
DA:25,1
DA:26,1
DA:27,1
DA:28,1
DA:29,1
DA:30,1
DA:31,1
DA:32,1
DA:33,1
DA:34,1
DA:35,1
DA:36,1
DA:37,1
DA:38,1
DA:39,1
DA:40,1
DA:41,1
DA:42,1
DA:43,1
DA:44,1
DA:45,1
DA:46,1
DA:47,1
DA:48,1
DA:49,1
DA:50,1
DA:51,1
DA:52,1
DA:53,1
DA:54,1
DA:55,1
DA:56,1
DA:57,1
DA:58,1
DA:59,1
DA:60,1
DA:61,1
DA:62,1
DA:63,1
DA:64,1
DA:65,1
DA:66,1
DA:67,1
DA:68,1
DA:69,1
DA:70,1
DA:71,1
DA:72,1
DA:73,1
DA:74,1
DA:75,1
DA:76,1
DA:77,1
DA:78,1
DA:79,1
DA:80,1
DA:81,1
DA:82,42
DA:83,42
DA:84,42
DA:85,42
DA:86,42
DA:87,42
DA:88,42
DA:89,42
DA:90,42
DA:91,42
DA:92,42
DA:93,42
DA:94,42
DA:95,42
DA:96,42
DA:97,42
DA:98,42
DA:99,42
DA:100,84
DA:101,84
DA:102,84
DA:103,6
DA:104,78
DA:105,84
DA:106,42
DA:107,42
DA:108,29
DA:109,29
DA:110,42
DA:111,42
DA:112,6
DA:113,6
DA:114,6
DA:115,6
DA:116,6
DA:117,42
DA:118,42
DA:119,42
DA:120,5
DA:121,5
DA:122,5
DA:123,5
DA:124,2
DA:125,2
DA:126,2
DA:127,1
DA:128,1
DA:129,2
DA:130,2
DA:131,2
DA:132,3
DA:133,5
DA:134,5
DA:135,42
DA:136,42
DA:137,27
DA:138,27
DA:139,27
DA:140,27
DA:141,27
DA:142,27
DA:143,27
DA:144,27
DA:145,27
DA:146,27
DA:147,27
DA:148,27
DA:149,27
DA:150,26
DA:151,27
DA:152,21
DA:153,21
DA:154,21
DA:155,6
DA:156,6
DA:157,6
DA:158,6
DA:159,27
DA:160,42
DA:161,42
DA:162,42
DA:163,20
DA:164,20
DA:165,20
DA:166,20
DA:167,20
DA:168,20
DA:169,20
DA:170,20
DA:171,20
DA:172,20
DA:173,20
DA:174,20
DA:175,20
DA:176,2
DA:177,2
DA:178,2
DA:179,20
DA:180,20
DA:181,42
DA:182,42
DA:183,42
DA:184,3
DA:185,3
DA:186,3
DA:187,3
DA:188,3
DA:189,3
DA:190,5
DA:191,5
DA:192,5
DA:193,5
DA:194,3
DA:195,3
DA:196,42
DA:197,42
DA:198,8
DA:199,8
DA:200,8
DA:201,8
DA:202,4
DA:203,4
DA:204,8
DA:205,8
DA:206,8
DA:207,8
DA:208,8
DA:209,8
DA:210,8
DA:211,8
DA:212,8
DA:213,8
DA:214,8
DA:215,8
DA:216,8
DA:217,35
DA:218,35
DA:219,35
DA:220,35
DA:221,21
DA:222,21
DA:223,35
DA:224,35
DA:225,35
DA:226,8
DA:227,14
DA:228,14
DA:229,2
DA:230,2
DA:231,14
DA:232,14
DA:233,8
DA:234,8
DA:235,7
DA:236,7
DA:237,8
DA:238,8
DA:239,8
DA:240,8
DA:241,8
DA:242,8
DA:243,42
DA:244,42
DA:245,42
DA:246,42
DA:247,42
DA:248,42
DA:249,42
DA:250,42
DA:251,42
DA:252,42
DA:253,11
DA:254,11
DA:255,11
DA:256,11
DA:257,11
DA:258,11
DA:259,16
DA:260,16
DA:261,16
DA:262,16
DA:263,16
DA:264,16
DA:265,16
DA:266,11
DA:267,11
DA:268,19
DA:269,6
DA:270,6
DA:271,19
DA:272,5
DA:273,5
DA:274,8
DA:275,11
DA:276,11
DA:277,11
DA:278,11
DA:279,11
DA:280,42
DA:281,42
DA:282,25
DA:283,25
DA:284,25
DA:285,25
DA:286,25
DA:287,25
DA:288,25
DA:289,25
DA:290,25
DA:291,1
DA:292,24
DA:293,25
DA:294,25
DA:295,25
DA:296,25
DA:297,25
DA:298,42
DA:299,42
DA:300,9
DA:301,9
DA:302,9
DA:303,9
DA:304,9
DA:305,9
DA:306,9
DA:307,9
DA:308,9
DA:309,43
DA:310,43
DA:311,43
DA:312,34
DA:313,43
DA:314,43
DA:315,43
DA:316,43
DA:317,28
DA:318,28
DA:319,28
DA:320,43
DA:321,9
DA:322,9
DA:323,45
DA:324,45
DA:325,45
DA:326,45
DA:327,45
DA:328,45
DA:329,45
DA:330,9
DA:331,9
DA:332,9
DA:333,9
DA:334,9
DA:335,9
DA:336,9
DA:337,42
LF:337
LH:337
BRDA:81,0,0,42
BRDA:91,1,0,42
BRDA:96,2,0,32
BRDA:99,3,0,84
BRDA:102,4,0,6
BRDA:103,5,0,78
BRDA:107,6,0,29
BRDA:108,7,0,9
BRDA:108,8,0,20
BRDA:111,9,0,6
BRDA:114,10,0,10
BRDA:119,11,0,5
BRDA:123,12,0,3
BRDA:123,13,0,2
BRDA:126,14,0,1
BRDA:127,15,0,1
BRDA:130,16,0,1
BRDA:130,17,0,1
BRDA:133,18,0,0
BRDA:133,19,0,3
BRDA:136,20,0,27
BRDA:149,21,0,26
BRDA:151,22,0,5
BRDA:151,23,0,21
BRDA:154,24,0,6
BRDA:162,25,0,20
BRDA:175,26,0,2
BRDA:183,27,0,3
BRDA:189,28,0,5
BRDA:197,29,0,8
BRDA:201,30,0,4
BRDA:202,31,0,4
BRDA:234,32,0,7
BRDA:237,33,0,4
BRDA:237,34,0,2
BRDA:237,35,0,5
BRDA:216,36,0,35
BRDA:220,37,0,28
BRDA:220,38,0,16
BRDA:220,39,0,21
BRDA:222,40,0,14
BRDA:223,41,0,2
BRDA:226,42,0,14
BRDA:227,43,0,14
BRDA:228,44,0,2
BRDA:228,45,0,2
BRDA:252,46,0,11
BRDA:258,47,0,16
BRDA:262,48,0,4
BRDA:262,49,0,12
BRDA:267,50,0,19
BRDA:268,51,0,6
BRDA:268,52,0,6
BRDA:270,53,0,13
BRDA:271,54,0,13
BRDA:271,55,0,5
BRDA:273,56,0,8
BRDA:281,57,0,25
BRDA:290,58,0,1
BRDA:290,59,0,1
BRDA:291,60,0,24
BRDA:294,61,0,0
BRDA:299,62,0,9
BRDA:306,63,0,8
BRDA:308,64,0,43
BRDA:311,65,0,9
BRDA:311,66,0,42
BRDA:311,67,0,34
BRDA:313,68,0,30
BRDA:316,69,0,7
BRDA:316,70,0,28
BRDA:322,71,0,45
BRDA:328,72,0,10
BRF:73
BRH:71
end_of_record
TN:
SF:source\custom-errors.mts
FN:2,<instance_members_initializer>
FN:5,FileConflictError
FN:19,MissingInJSONError
FN:32,APIFetchError
FNF:4
FNH:4
FNDA:1,<instance_members_initializer>
FNDA:1,FileConflictError
FNDA:1,MissingInJSONError
FNDA:12,APIFetchError
DA:1,1
DA:2,1
DA:3,1
DA:4,1
DA:5,1
DA:6,1
DA:7,1
DA:8,1
DA:9,1
DA:10,1
DA:11,1
DA:12,1
DA:13,1
DA:14,1
DA:15,1
DA:16,1
DA:17,1
DA:18,1
DA:19,1
DA:20,1
DA:21,1
DA:22,1
DA:23,1
DA:24,1
DA:25,1
DA:26,1
DA:27,1
DA:28,1
DA:29,1
DA:30,1
DA:31,1
DA:32,1
DA:33,12
DA:34,12
DA:35,12
DA:36,12
DA:37,12
DA:38,12
DA:39,12
DA:40,12
DA:41,1
LF:41
LH:41
BRDA:2,0,0,1
BRDA:5,1,0,1
BRDA:19,2,0,1
BRDA:32,3,0,12
BRF:4
BRH:4
end_of_record
