TN:
SF:source\GithubExtractor.mts
FN:127,<instance_members_initializer>
FN:142,GithubExtractor
FN:151,normalizeTarPath
FN:159,normalizeFilePath
FN:163,normalizePathSet
FN:170,handleBadResponseCode
FN:187,makeRequest
FN:213,getTarBody
FN:239,handleTypos
FN:281,downloadTo
FN:300,filter
FN:317,onentry
FN:353,getLocalDirSet
FN:392,writeListStream
FN:426,list
FN:435,handleEntry
FN:449,filter
FNF:17
FNH:17
FNDA:54,<instance_members_initializer>
FNDA:54,GithubExtractor
FNDA:173,normalizeTarPath
FNDA:38,normalizeFilePath
FNDA:9,normalizePathSet
FNDA:5,handleBadResponseCode
FNDA:36,makeRequest
FNDA:29,getTarBody
FNDA:4,handleTypos
FNDA:17,downloadTo
FNDA:70,filter
FNDA:29,onentry
FNDA:14,getLocalDirSet
FNDA:29,writeListStream
FNDA:10,list
FNDA:47,handleEntry
FNDA:50,filter
DA:1,1
DA:2,1
DA:3,1
DA:4,1
DA:5,1
DA:6,1
DA:7,1
DA:8,1
DA:9,1
DA:10,1
DA:11,1
DA:12,1
DA:13,1
DA:14,1
DA:15,1
DA:16,1
DA:17,1
DA:18,1
DA:19,1
DA:20,1
DA:21,1
DA:22,1
DA:23,1
DA:24,1
DA:25,1
DA:26,1
DA:27,1
DA:28,1
DA:29,1
DA:30,1
DA:31,1
DA:32,1
DA:33,1
DA:34,1
DA:35,1
DA:36,1
DA:37,1
DA:38,1
DA:39,1
DA:40,1
DA:41,1
DA:42,1
DA:43,1
DA:44,1
DA:45,1
DA:46,1
DA:47,1
DA:48,1
DA:49,1
DA:50,1
DA:51,1
DA:52,1
DA:53,1
DA:54,1
DA:55,1
DA:56,1
DA:57,1
DA:58,1
DA:59,1
DA:60,1
DA:61,1
DA:62,1
DA:63,1
DA:64,1
DA:65,1
DA:66,1
DA:67,1
DA:68,1
DA:69,1
DA:70,1
DA:71,1
DA:72,1
DA:73,1
DA:74,1
DA:75,1
DA:76,1
DA:77,1
DA:78,1
DA:79,1
DA:80,1
DA:81,1
DA:82,1
DA:83,1
DA:84,1
DA:85,1
DA:86,1
DA:87,1
DA:88,1
DA:89,1
DA:90,1
DA:91,1
DA:92,1
DA:93,1
DA:94,1
DA:95,1
DA:96,1
DA:97,1
DA:98,1
DA:99,1
DA:100,1
DA:101,1
DA:102,1
DA:103,1
DA:104,1
DA:105,1
DA:106,1
DA:107,1
DA:108,1
DA:109,1
DA:110,1
DA:111,1
DA:112,1
DA:113,1
DA:114,1
DA:115,1
DA:116,1
DA:117,1
DA:118,1
DA:119,1
DA:120,1
DA:121,1
DA:122,1
DA:123,1
DA:124,1
DA:125,1
DA:126,1
DA:127,1
DA:128,54
DA:129,54
DA:130,54
DA:131,54
DA:132,54
DA:133,54
DA:134,54
DA:135,54
DA:136,54
DA:137,54
DA:138,54
DA:139,54
DA:140,54
DA:141,54
DA:142,54
DA:143,54
DA:144,54
DA:145,54
DA:146,54
DA:147,54
DA:148,54
DA:149,54
DA:150,54
DA:151,54
DA:152,173
DA:153,173
DA:154,173
DA:155,11
DA:156,162
DA:157,173
DA:158,54
DA:159,54
DA:160,38
DA:161,38
DA:162,54
DA:163,54
DA:164,9
DA:165,9
DA:166,9
DA:167,9
DA:168,9
DA:169,54
DA:170,54
DA:171,5
DA:172,5
DA:173,5
DA:174,5
DA:175,2
DA:176,2
DA:177,2
DA:178,1
DA:179,1
DA:180,2
DA:181,2
DA:182,2
DA:183,3
DA:184,5
DA:185,5
DA:186,54
DA:187,54
DA:188,36
DA:189,36
DA:190,36
DA:191,36
DA:192,36
DA:193,36
DA:194,36
DA:195,36
DA:196,36
DA:197,36
DA:198,36
DA:199,36
DA:200,36
DA:201,34
DA:202,36
DA:203,29
DA:204,29
DA:205,29
DA:206,7
DA:207,7
DA:208,7
DA:209,7
DA:210,36
DA:211,54
DA:212,54
DA:213,54
DA:214,29
DA:215,29
DA:216,29
DA:217,29
DA:218,29
DA:219,29
DA:220,29
DA:221,29
DA:222,29
DA:223,2
DA:224,2
DA:225,27
DA:226,27
DA:227,27
DA:228,27
DA:229,27
DA:230,27
DA:231,27
DA:232,2
DA:233,2
DA:234,2
DA:235,29
DA:236,29
DA:237,54
DA:238,54
DA:239,54
DA:240,4
DA:241,4
DA:242,4
DA:243,4
DA:244,4
DA:245,4
DA:246,6
DA:247,6
DA:248,6
DA:249,6
DA:250,4
DA:251,4
DA:252,54
DA:253,54
DA:254,54
DA:255,54
DA:256,54
DA:257,54
DA:258,54
DA:259,54
DA:260,54
DA:261,54
DA:262,54
DA:263,54
DA:264,54
DA:265,54
DA:266,54
DA:267,54
DA:268,54
DA:269,54
DA:270,54
DA:271,54
DA:272,54
DA:273,54
DA:274,54
DA:275,54
DA:276,54
DA:277,54
DA:278,54
DA:279,54
DA:280,54
DA:281,54
DA:282,17
DA:283,17
DA:284,17
DA:285,7
DA:286,10
DA:287,17
DA:288,17
DA:289,16
DA:290,16
DA:291,16
DA:292,16
DA:293,16
DA:294,16
DA:295,16
DA:296,16
DA:297,16
DA:298,16
DA:299,16
DA:300,16
DA:301,70
DA:302,70
DA:303,70
DA:304,70
DA:305,56
DA:306,56
DA:307,70
DA:308,24
DA:309,24
DA:310,70
DA:311,70
DA:312,70
DA:313,3
DA:314,3
DA:315,29
DA:316,70
DA:317,16
DA:318,29
DA:319,29
DA:320,29
DA:321,4
DA:322,4
DA:323,29
DA:324,29
DA:325,16
DA:326,16
DA:327,14
DA:328,2
DA:329,2
DA:330,2
DA:331,2
DA:332,0
DA:333,0
DA:334,2
DA:335,2
DA:336,2
DA:337,2
DA:338,16
DA:339,16
DA:340,16
DA:341,14
DA:342,17
DA:343,17
DA:344,54
DA:345,54
DA:346,54
DA:347,54
DA:348,54
DA:349,54
DA:350,54
DA:351,54
DA:352,54
DA:353,54
DA:354,14
DA:355,14
DA:356,14
DA:357,14
DA:358,14
DA:359,12
DA:360,2
DA:361,2
DA:362,1
DA:363,1
DA:364,1
DA:365,1
DA:366,12
DA:367,12
DA:368,12
DA:369,14
DA:370,20
DA:371,20
DA:372,20
DA:373,20
DA:374,20
DA:375,20
DA:376,20
DA:377,12
DA:378,12
DA:379,25
DA:380,9
DA:381,9
DA:382,25
DA:383,5
DA:384,5
DA:385,11
DA:386,12
DA:387,12
DA:388,12
DA:389,12
DA:390,14
DA:391,54
DA:392,54
DA:393,29
DA:394,29
DA:395,29
DA:396,29
DA:397,29
DA:398,29
DA:399,29
DA:400,29
DA:401,29
DA:402,2
DA:403,27
DA:404,29
DA:405,29
DA:406,29
DA:407,54
DA:408,54
DA:409,54
DA:410,54
DA:411,54
DA:412,54
DA:413,54
DA:414,54
DA:415,54
DA:416,54
DA:417,54
DA:418,54
DA:419,54
DA:420,54
DA:421,54
DA:422,54
DA:423,54
DA:424,54
DA:425,54
DA:426,54
DA:427,10
DA:428,10
DA:429,10
DA:430,10
DA:431,10
DA:432,10
DA:433,10
DA:434,10
DA:435,10
DA:436,47
DA:437,47
DA:438,47
DA:439,38
DA:440,47
DA:441,47
DA:442,47
DA:443,47
DA:444,31
DA:445,31
DA:446,31
DA:447,47
DA:448,10
DA:449,10
DA:450,50
DA:451,50
DA:452,50
DA:453,3
DA:454,3
DA:455,47
DA:456,50
DA:457,10
DA:458,10
DA:459,10
DA:460,10
DA:461,10
DA:462,10
DA:463,10
DA:464,54
LF:464
LH:462
BRDA:127,0,0,54
BRDA:142,1,0,54
BRDA:147,2,0,40
BRDA:151,3,0,173
BRDA:154,4,0,11
BRDA:155,5,0,162
BRDA:159,6,0,38
BRDA:160,7,0,12
BRDA:160,8,0,26
BRDA:163,9,0,9
BRDA:166,10,0,13
BRDA:170,11,0,5
BRDA:174,12,0,3
BRDA:174,13,0,2
BRDA:177,14,0,1
BRDA:178,15,0,1
BRDA:181,16,0,1
BRDA:181,17,0,1
BRDA:184,18,0,0
BRDA:184,19,0,3
BRDA:187,20,0,36
BRDA:200,21,0,34
BRDA:202,22,0,5
BRDA:202,23,0,29
BRDA:205,24,0,7
BRDA:208,25,0,1
BRDA:208,26,0,6
BRDA:213,27,0,29
BRDA:222,28,0,2
BRDA:224,29,0,27
BRDA:231,30,0,2
BRDA:239,31,0,4
BRDA:245,32,0,6
BRDA:281,33,0,17
BRDA:284,34,0,7
BRDA:284,35,0,7
BRDA:285,36,0,10
BRDA:288,37,0,16
BRDA:326,38,0,14
BRDA:327,39,0,2
BRDA:331,40,0,0
BRDA:331,41,0,0
BRDA:337,42,0,14
BRDA:337,43,0,16
BRDA:340,44,0,14
BRDA:342,45,0,7
BRDA:342,46,0,3
BRDA:342,47,0,11
BRDA:300,48,0,70
BRDA:304,49,0,14
BRDA:304,50,0,56
BRDA:307,51,0,28
BRDA:307,52,0,24
BRDA:309,53,0,32
BRDA:310,54,0,4
BRDA:312,55,0,4
BRDA:312,56,0,3
BRDA:314,57,0,29
BRDA:317,58,0,29
BRDA:318,59,0,29
BRDA:319,60,0,4
BRDA:320,61,0,4
BRDA:320,62,0,4
BRDA:353,63,0,14
BRDA:358,64,0,12
BRDA:359,65,0,2
BRDA:361,66,0,1
BRDA:361,67,0,1
BRDA:369,68,0,20
BRDA:373,69,0,5
BRDA:373,70,0,15
BRDA:376,71,0,12
BRDA:378,72,0,25
BRDA:379,73,0,9
BRDA:379,74,0,9
BRDA:381,75,0,16
BRDA:382,76,0,19
BRDA:382,77,0,5
BRDA:384,78,0,11
BRDA:392,79,0,29
BRDA:401,80,0,2
BRDA:401,81,0,2
BRDA:402,82,0,27
BRDA:426,83,0,10
BRDA:433,84,0,8
BRDA:435,85,0,47
BRDA:438,86,0,9
BRDA:438,87,0,46
BRDA:438,88,0,38
BRDA:440,89,0,32
BRDA:443,90,0,8
BRDA:443,91,0,31
BRDA:449,92,0,50
BRDA:452,93,0,5
BRDA:452,94,0,3
BRDA:454,95,0,47
BRF:96
BRH:93
end_of_record
TN:
SF:source\custom-errors.mts
FN:2,<instance_members_initializer>
FN:5,FileConflictError
FN:19,MissingInJSONError
FN:32,FetchError
FNF:4
FNH:4
FNDA:1,<instance_members_initializer>
FNDA:1,FileConflictError
FNDA:1,MissingInJSONError
FNDA:13,FetchError
DA:1,1
DA:2,1
DA:3,1
DA:4,1
DA:5,1
DA:6,1
DA:7,1
DA:8,1
DA:9,1
DA:10,1
DA:11,1
DA:12,1
DA:13,1
DA:14,1
DA:15,1
DA:16,1
DA:17,1
DA:18,1
DA:19,1
DA:20,1
DA:21,1
DA:22,1
DA:23,1
DA:24,1
DA:25,1
DA:26,1
DA:27,1
DA:28,1
DA:29,1
DA:30,1
DA:31,1
DA:32,1
DA:33,13
DA:34,13
DA:35,13
DA:36,13
DA:37,13
DA:38,13
DA:39,13
DA:40,13
DA:41,1
LF:41
LH:41
BRDA:2,0,0,1
BRDA:5,1,0,1
BRDA:19,2,0,1
BRDA:32,3,0,13
BRF:4
BRH:4
end_of_record
